[2026-03-26T04:33:42.973Z] {"event":"product.status.updated","productId":"69c4b5c4e6738998cfe0d71e","previousStatus":"PURCHASE_PENDING_PAYMENT","nextStatus":"SOLD"}
[2026-03-26T04:33:43.021Z] {"event":"pos.invoice.linked","invoiceId":"69c4b6fc6983a47531ae642a","jewelerId":"69aea3011d8f8b294568e768","productId":"69c4b5c4e6738998cfe0d71e","grossAmount":29307.28,"payableAmount":22410.36,"commissionTotal":6896.92}
[2026-03-26T04:33:43.023Z] {"event":"pos.sale.completed","invoiceId":"69c4b6fc6983a47531ae642a","productId":"69c4b5c4e6738998cfe0d71e","salePrice":38099.457812,"payableAmount":22410.36,"commissionTotal":6896.92,"choice":"PURCHASE"}
[2026-03-26T05:24:40.112Z] {"event":"product.status.updated","productId":"69c4bf83b35ce17cfe88b7a3","previousStatus":"PURCHASE_PENDING_PAYMENT","nextStatus":"SOLD"}
[2026-03-26T05:24:40.135Z] {"event":"pos.invoice.linked","invoiceId":"69c4bfcbb35ce17cfe88b8f4","jewelerId":"69aea3011d8f8b294568e768","productId":"69c4bf83b35ce17cfe88b7a3","grossAmount":38589.8,"payableAmount":29378.25,"commissionTotal":9211.55}
[2026-03-26T05:24:40.136Z] {"event":"pos.sale.completed","invoiceId":"69c4bfcbb35ce17cfe88b8f4","productId":"69c4bf83b35ce17cfe88b7a3","salePrice":38589.799586,"payableAmount":29378.25,"commissionTotal":9211.55,"choice":"PURCHASE"}
[2026-03-26T05:24:40.197Z] {"event":"product.assigned.holder","productId":"69c4bf83b35ce17cfe88b7a1","assignedProductId":"69c4bf83b35ce17cfe88b7a1","toUserId":"69aea3011d8f8b294568e768","toRole":"jeweler"}
[2026-03-26T05:24:40.198Z] {"event":"pos.product.assigned","productId":"69c4bf83b35ce17cfe88b7a1","jewelerId":"69aea3011d8f8b294568e768","performedBy":"69aea3011d8f8b294568e768"}
[2026-03-26T05:30:17.793Z] {"event":"product.status.updated","productId":"69c4bf83b35ce17cfe88b7a1","previousStatus":"RENTED","nextStatus":"SOLD"}
[2026-03-26T05:30:17.810Z] {"event":"pos.invoice.created","invoiceId":"69c4c469be728bbf71576897","jewelerId":"69aea3011d8f8b294568e768","productId":"69c4bf83b35ce17cfe88b7a1","grossAmount":38717.15,"payableAmount":38717.15,"commissionTotal":0}
[2026-03-26T05:30:17.811Z] {"event":"pos.sale.completed","invoiceId":"69c4c469be728bbf71576897","productId":"69c4bf83b35ce17cfe88b7a1","salePrice":38717.149614,"payableAmount":38717.15,"commissionTotal":0,"choice":"MEMO"}
[2026-03-26T05:30:17.869Z] {"event":"product.assigned.holder","productId":"69c4bf83b35ce17cfe88b7a2","assignedProductId":"69c4bf83b35ce17cfe88b7a2","toUserId":"69aea3011d8f8b294568e768","toRole":"jeweler"}
[2026-03-26T05:30:17.871Z] {"event":"pos.product.assigned","productId":"69c4bf83b35ce17cfe88b7a2","jewelerId":"69aea3011d8f8b294568e768","performedBy":"69aea3011d8f8b294568e768"}
[2026-03-26T07:01:21.807Z] {"event":"product.status.updated","productId":"69c4d95b4ffa041ce77fa761","previousStatus":"RENTED","nextStatus":"SOLD"}
[2026-03-26T07:01:21.842Z] {"event":"pos.invoice.created","invoiceId":"69c4d9c14ffa041ce77fa8f0","jewelerId":"69aea3011d8f8b294568e768","productId":"69c4d95b4ffa041ce77fa761","grossAmount":22051.94,"payableAmount":22051.94,"commissionTotal":0}
[2026-03-26T07:01:21.844Z] {"event":"pos.sale.completed","invoiceId":"69c4d9c14ffa041ce77fa8f0","productId":"69c4d95b4ffa041ce77fa761","salePrice":22051.938168,"payableAmount":22051.94,"commissionTotal":0,"choice":"MEMO"}
[2026-03-26T07:01:21.933Z] {"event":"product.assigned.holder","productId":"69c4d95b4ffa041ce77fa756","assignedProductId":"69c4d95b4ffa041ce77fa756","toUserId":"69aea3011d8f8b294568e768","toRole":"jeweler"}
[2026-03-26T07:01:21.935Z] {"event":"pos.product.assigned","productId":"69c4d95b4ffa041ce77fa756","jewelerId":"69aea3011d8f8b294568e768","performedBy":"69aea3011d8f8b294568e768"}
[2026-03-26T07:01:23.484Z] {"event":"product.status.updated","productId":"69c4d95b4ffa041ce77fa762","previousStatus":"PURCHASE_PENDING_PAYMENT","nextStatus":"SOLD"}
[2026-03-26T07:01:23.505Z] {"event":"pos.invoice.linked","invoiceId":"69c4d98d4ffa041ce77fa89e","jewelerId":"69aea3011d8f8b294568e768","productId":"69c4d95b4ffa041ce77fa762","grossAmount":43805.63,"payableAmount":37944.15,"commissionTotal":5861.48}
[2026-03-26T07:01:23.506Z] {"event":"pos.sale.completed","invoiceId":"69c4d98d4ffa041ce77fa89e","productId":"69c4d95b4ffa041ce77fa762","salePrice":43805.625916000005,"payableAmount":37944.15,"commissionTotal":5861.48,"choice":"PURCHASE"}
[2026-03-26T07:01:23.565Z] {"event":"ticket.created","ticketId":"69c4d9c34ffa041ce77fa943","requestedBy":"69aea3011d8f8b294568e768","assignedTo":"","productId":""}
[2026-03-26T07:01:23.568Z] {"event":"pos.ticket.created","jewelerId":"69aea3011d8f8b294568e768","reason":"no-stock"}
[2026-03-26T07:01:26.283Z] {"event":"product.status.updated","productId":"69c4d95b4ffa041ce77fa763","previousStatus":"PURCHASE_PENDING_PAYMENT","nextStatus":"SOLD"}
[2026-03-26T07:01:26.305Z] {"event":"pos.invoice.linked","invoiceId":"69c4d98e4ffa041ce77fa8c0","jewelerId":"69aea3011d8f8b294568e768","productId":"69c4d95b4ffa041ce77fa763","grossAmount":41596.54,"payableAmount":35777.89,"commissionTotal":5818.65}
[2026-03-26T07:01:26.307Z] {"event":"pos.sale.completed","invoiceId":"69c4d98e4ffa041ce77fa8c0","productId":"69c4d95b4ffa041ce77fa763","salePrice":41596.541584000006,"payableAmount":35777.89,"commissionTotal":5818.65,"choice":"PURCHASE"}
[2026-03-26T07:01:26.361Z] {"event":"ticket.created","ticketId":"69c4d9c64ffa041ce77fa97e","requestedBy":"69aea3011d8f8b294568e768","assignedTo":"","productId":""}
[2026-03-26T07:01:26.363Z] {"event":"pos.ticket.created","jewelerId":"69aea3011d8f8b294568e768","reason":"no-stock"}
[2026-03-26T08:59:07.246Z] {"event":"product.status.updated","productId":"69c4f235d6d7d04b6db2e91d","previousStatus":"RENTED","nextStatus":"SOLD"}
[2026-03-26T08:59:07.332Z] {"event":"pos.invoice.created","invoiceId":"69c4f55b2cb25a4ad83fde9e","jewelerId":"69aea3011d8f8b294568e768","productId":"69c4f235d6d7d04b6db2e91d","grossAmount":43127.08,"payableAmount":42363.08,"commissionTotal":764}
[2026-03-26T08:59:07.335Z] {"event":"pos.sale.completed","invoiceId":"69c4f55b2cb25a4ad83fde9e","productId":"69c4f235d6d7d04b6db2e91d","salePrice":43127.078305999996,"payableAmount":42363.08,"commissionTotal":764,"choice":"MEMO"}
[2026-03-26T08:59:07.535Z] {"event":"ticket.created","ticketId":"69c4f55b2cb25a4ad83fdebb","requestedBy":"69aea3011d8f8b294568e768","assignedTo":"","productId":""}
[2026-03-26T08:59:07.538Z] {"event":"pos.ticket.created","jewelerId":"69aea3011d8f8b294568e768","reason":"no-stock"}
[2026-03-26T09:03:38.678Z] {"event":"product.status.updated","productId":"69c4f235d6d7d04b6db2e91e","previousStatus":"PURCHASE_PENDING_PAYMENT","nextStatus":"SOLD"}
[2026-03-26T09:03:38.761Z] {"event":"pos.invoice.linked","invoiceId":"69c4f5112cb25a4ad83fde76","jewelerId":"69aea3011d8f8b294568e768","productId":"69c4f235d6d7d04b6db2e91e","grossAmount":40991.26,"payableAmount":39925.96,"commissionTotal":1065.3}
[2026-03-26T09:03:38.764Z] {"event":"pos.sale.completed","invoiceId":"69c4f5112cb25a4ad83fde76","productId":"69c4f235d6d7d04b6db2e91e","salePrice":40991.257944000004,"payableAmount":39925.96,"commissionTotal":1065.3,"choice":"PURCHASE"}
[2026-03-26T09:03:38.987Z] {"event":"ticket.created","ticketId":"69c4f66a2cb25a4ad83fdfa1","requestedBy":"69aea3011d8f8b294568e768","assignedTo":"","productId":""}
[2026-03-26T09:03:38.989Z] {"event":"pos.ticket.created","jewelerId":"69aea3011d8f8b294568e768","reason":"no-stock"}
[2026-03-26T09:10:50.562Z] {"event":"product.status.updated","productId":"69c4f7402cb25a4ad83fe079","previousStatus":"RENTED","nextStatus":"SOLD"}
[2026-03-26T09:10:50.654Z] {"event":"pos.invoice.created","invoiceId":"69c4f81a2cb25a4ad83fe1f9","jewelerId":"69aea3011d8f8b294568e768","productId":"69c4f7402cb25a4ad83fe079","grossAmount":38445.76,"payableAmount":37461.16,"commissionTotal":984.6}
[2026-03-26T09:10:50.657Z] {"event":"pos.sale.completed","invoiceId":"69c4f81a2cb25a4ad83fe1f9","productId":"69c4f7402cb25a4ad83fe079","salePrice":38445.763746,"payableAmount":37461.16,"commissionTotal":984.6,"choice":"MEMO"}
[2026-03-26T09:10:50.722Z] {"event":"ticket.created","ticketId":"69c4f81a2cb25a4ad83fe218","requestedBy":"69aea3011d8f8b294568e768","assignedTo":"","productId":""}
[2026-03-26T09:10:50.725Z] {"event":"pos.ticket.created","jewelerId":"69aea3011d8f8b294568e768","reason":"no-stock"}
[2026-03-26T09:10:52.694Z] {"event":"product.status.updated","productId":"69c4f7402cb25a4ad83fe07e","previousStatus":"RENTED","nextStatus":"SOLD"}
[2026-03-26T09:10:52.716Z] {"event":"pos.invoice.created","invoiceId":"69c4f81c2cb25a4ad83fe230","jewelerId":"69aea3011d8f8b294568e768","productId":"69c4f7402cb25a4ad83fe07e","grossAmount":40991.26,"payableAmount":39925.96,"commissionTotal":1065.3}
[2026-03-26T09:10:52.718Z] {"event":"pos.sale.completed","invoiceId":"69c4f81c2cb25a4ad83fe230","productId":"69c4f7402cb25a4ad83fe07e","salePrice":40991.257944000004,"payableAmount":39925.96,"commissionTotal":1065.3,"choice":"MEMO"}
[2026-03-26T09:10:52.767Z] {"event":"ticket.created","ticketId":"69c4f81c2cb25a4ad83fe255","requestedBy":"69aea3011d8f8b294568e768","assignedTo":"","productId":""}
[2026-03-26T09:10:52.769Z] {"event":"pos.ticket.created","jewelerId":"69aea3011d8f8b294568e768","reason":"no-stock"}
[2026-03-26T09:29:56.204Z] {"event":"product.status.updated","productId":"69c4f7402cb25a4ad83fe07a","previousStatus":"RENTED","nextStatus":"SOLD"}
[2026-03-26T09:29:56.234Z] {"event":"pos.invoice.created","invoiceId":"69c4fc94e22b37674949b15c","jewelerId":"69aea3011d8f8b294568e768","productId":"69c4f7402cb25a4ad83fe07a","grossAmount":16108.31,"payableAmount":15497.81,"commissionTotal":610.5}
[2026-03-26T09:29:56.237Z] {"event":"pos.sale.completed","invoiceId":"69c4fc94e22b37674949b15c","productId":"69c4f7402cb25a4ad83fe07a","salePrice":16108.309035000002,"payableAmount":15497.81,"commissionTotal":610.5,"choice":"MEMO"}
[2026-03-26T09:29:56.290Z] {"event":"ticket.created","ticketId":"69c4fc94e22b37674949b177","requestedBy":"69aea3011d8f8b294568e768","assignedTo":"","productId":""}
[2026-03-26T09:29:56.293Z] {"event":"pos.ticket.created","jewelerId":"69aea3011d8f8b294568e768","reason":"no-stock"}
[2026-03-26T09:51:41.068Z] {"event":"product.status.updated","productId":"69c501859aea740a080a2e17","previousStatus":"PURCHASE_PENDING_PAYMENT","nextStatus":"SOLD"}
[2026-03-26T09:51:41.105Z] {"event":"pos.invoice.linked","invoiceId":"69c501a59aea740a080a2f37","jewelerId":"69aea3011d8f8b294568e768","productId":"69c501859aea740a080a2e17","grossAmount":43127.08,"payableAmount":42363.08,"commissionTotal":764}
[2026-03-26T09:51:41.107Z] {"event":"pos.sale.completed","invoiceId":"69c501a59aea740a080a2f37","productId":"69c501859aea740a080a2e17","salePrice":43127.078305999996,"payableAmount":42363.08,"commissionTotal":764,"choice":"PURCHASE"}
[2026-03-26T09:51:41.189Z] {"event":"ticket.created","ticketId":"69c501ad9aea740a080a2f8b","requestedBy":"69aea3011d8f8b294568e768","assignedTo":"","productId":"69c501859aea740a080a2e17"}
[2026-03-26T09:51:41.192Z] {"event":"pos.ticket.created","jewelerId":"69aea3011d8f8b294568e768","reason":"no-stock"}
[2026-03-26T09:51:42.540Z] {"event":"product.status.updated","productId":"69c501859aea740a080a2e18","previousStatus":"RENTED","nextStatus":"SOLD"}
[2026-03-26T09:51:42.562Z] {"event":"pos.invoice.created","invoiceId":"69c501ae9aea740a080a2fa3","jewelerId":"69aea3011d8f8b294568e768","productId":"69c501859aea740a080a2e18","grossAmount":40991.26,"payableAmount":39925.96,"commissionTotal":1065.3}
[2026-03-26T09:51:42.565Z] {"event":"pos.sale.completed","invoiceId":"69c501ae9aea740a080a2fa3","productId":"69c501859aea740a080a2e18","salePrice":40991.257944000004,"payableAmount":39925.96,"commissionTotal":1065.3,"choice":"MEMO"}
[2026-03-26T09:51:42.623Z] {"event":"ticket.created","ticketId":"69c501ae9aea740a080a2fca","requestedBy":"69aea3011d8f8b294568e768","assignedTo":"","productId":"69c501859aea740a080a2e18"}
[2026-03-26T09:51:42.625Z] {"event":"pos.ticket.created","jewelerId":"69aea3011d8f8b294568e768","reason":"no-stock"}
